590 102 144
5189 4713 210
8660 4818 262
263 9111 262
8115 2302 262
9847 4908 262
2291 474 183
3654 9012 262
9005 8942 247
2791 5462 238
3410 8511 262
8934 3684 262
6809 2693 262
5676 5514 236
4564 2491 238
3438 7330 262
9343 7793 260
6153 3198 238
7882 3482 262
1855 5924 238
9709 6618 260
4250 6921 262
9290 3234 262
8532 1020 262
1021 4468 238
3628 6180 262
8929 2594 262
8329 720 262
7741 1085 262
626 7236 262
2249 2671 209
3138 7702 262
9689 3988 262
5170 5086 179
1362 8911 262
9372 9490 198
4294 8287 262
1830 5994 238
6903 3911 262
2959 2580 217
595 2555 209
4502 5080 210
9119 6876 257
6842 5835 262
5900 6973 262
2060 6376 262
1190 7339 262
9069 2852 262
9520 317 262
1730 1099 182
7403 18 262
6785 2909 262
7155 9693 260
2309 4434 238
4042 8381 262
1737 2109 180
2687 7821 262
768 5762 238
1302 1942 180
2446 1586 183
7578 7877 221
3845 1001 238
2740 1396 209
4203 9380 262
2491 4876 238
3808 5551 215
4705 7702 262
9179 5280 262
389 5848 238
1029 6542 262
6730 4254 262
6534 2092 262
6151 4468 236
4616 6624 262
1394 9711 262
2149 8742 262
2908 9861 262
3450 4211 238
2197 4528 238
6820 5847 262
6543 6173 200
9959 9014 260
4075 9919 262
9955 7787 260
2276 2749 209
1781 6310 262
5966 8035 262
5050 4383 210
2037 9165 262
8291 7381 252
6009 1212 238
7236 7178 164
2584 9719 262
3970 1642 238
9689 4206 262
1188 7395 262
8702 8229 234
9164 8465 247
6010 4191 236
7957 1891 262
4426 5672 236
3456 1382 217
5142 2622 238
2004 8200 262
1732 8832 262
5566 1811 238
9202 3610 262
4616 9978 262
1759 9792 262
999 2190 182
9112 2846 262
9689 1929 262
4119 5002 215
4574 9565 262
3845 60 238
8444 9319 260
2714 1201 209
4281 2686 238
7650 2597 262
8345 5864 262
2398 7544 262
7194 5954 262
4178 2706 238
7809 8554 252
7881 1316 262
9537 1832 262
3375 5683 238
7057 4646 262
7755 1398 262
6627 484 262
5512 5199 192
9316 1542 262
7021 3192 262
383 650 145
4109 7014 262
4034 5369 215
2781 7020 262
8427 8891 216
1424 6601 262
1909 5062 238
1485 7612 262
6575 5603 262
6851 8330 257
5287 5260 192
3338 9330 262
2240 9187 262
9796 3238 262
6871 6743 182
9513 411 262
3883 976 238
8219 6175 257
4393 517 238
5445 2579 238
6994 5847 262
2816 436 209
3062 1377 217
7448 4986 262
7836 993 262
5204 2670 238
9303 6800 260
2369 6244 262
8509 2674 262
2164 8985 262
2929 9995 262
1965 1518 180
1569 4844 238
50 5503 238
8622 9358 260
705 5363 238
3072 6876 262
5328 6669 262
7604 1154 262
7963 2546 262
1923 6970 262
858 9416 262
9154 6161 262
2701 1 209
8136 2117 262
8950 365 262
1778 6472 262
9112 882 262
6233 150 262
6939 5925 262
5458 9524 262
9780 335 262
6244 560 262
426 4812 238
5819 9307 262
9509 2128 262
9548 4131 262
8366 7193 252
9650 1472 262
4132 2332 238
1002 4123 238
6616 4399 262
8297 7753 252
9026 5998 262
6789 981 262
5738 9570 262
1885 224 182
4787 2425 238
2713 3099 217
6758 9540 260
7484 3221 262
322 8291 262
9691 338 262
986 9267 262
5054 4966 179
2272 7356 262
7199 2421 262
5630 1991 238
5376 3713 215
5703 3203 238
3724 8036 262
5525 2341 238
9394 4897 262
4314 2348 238
4372 659 238
184 1338 182
9189 7312 252
5455 7700 262
664 2684 209
9257 1699 262
5924 6020 187
2405 4610 238
8142 9541 260
742 3415 217
9336 7504 260
3041 1016 217
9108 4747 262
800 9425 262
7351 5740 262
7627 1284 262
8262 7810 252
692 4292 238
7478 8619 252
8249 2355 262
244 5937 238
438 7474 262
7021 9326 260
3579 4571 238
9842 1268 262
9216 5710 262
5576 2953 238
9584 2740 262
2767 7834 262
6448 3975 262
1749 5159 238
847 3389 217
1432 9329 262
6405 4942 262
2478 2709 191
5698 8805 262
3337 2143 217
4848 1388 238
3781 3109 238
3439 253 217
843 8117 262
3542 8060 262
8728 6229 257
9086 9322 260
7870 6959 239
7529 2329 262
9680 432 262
9782 3953 262
3502 7007 262
1403 6666 262
3725 5080 215
8698 9065 247
4345 447 238
2003 868 182
3199 8119 262
5433 8474 262
7762 7603 177
1642 799 182
7469 3078 262
8308 1058 262
610 3035 217
1764 2543 209
6967 3393 262
2448 274 183
1513 3136 217
9339 5966 262
61 4838 238
7636 6271 257
8504 2718 262
1113 3093 217
7941 6784 257
473 1137 179
2041 5157 238
9683 53 262
2669 7403 262
5000 7726 262
3917 3941 176
773 9011 262
7627 255 262
7140 4434 262
3377 3498 181
6922 5941 262
3512 147 217
8759 5676 262
87 9506 262
4159 3303 238
8242 5717 262
5384 5549 205
2330 8117 262
2213 3707 217
6060 8466 262
121 8030 262
3932 275 238
3168 3116 168
5453 9075 262
5386 9603 262
473 6969 262
262 9797 262
6229 7242 257
4763 5972 236
431 7848 262
8105 7815 252
4075 5126 215
556 3447 217
8027 9927 260
1162 4880 238
2212 9489 262
1531 5267 238
813 8593 262
5444 8513 262
1707 4589 238
6452 1301 262
3518 7743 262
7393 9158 252
2573 7362 262
9200 4489 262
5404 7648 262
894 1076 174
2657 5165 238
7237 4653 262
5710 7945 262
7332 7223 195
5314 400 238
8371 2314 262
3937 6684 262
4968 7437 262
5137 67 238
68 1940 182
6091 9713 262
687 6985 262
7868 1284 262
8358 3649 262
6990 7446 239
6343 5332 262
5575 1729 238
112 8852 262
2901 9445 262
936 8646 262
2526 6306 262
7153 9616 260
5026 6840 262
5856 5775 218
6630 1562 262
1493 2315 183
4094 7454 262
427 7128 262
5232 6290 262
8661 7293 252
3929 9130 262
8818 8190 234
1288 4471 238
8334 1948 262
916 5969 238
3165 2892 217
4552 7297 262
8208 7553 252
5164 2477 238
3892 8877 262
9079 8617 247
3097 9372 262
4249 3065 238
4252 3339 238
2436 8230 262
310 6418 262
9932 3039 262
1403 9739 262
1553 2276 183
5286 9344 262
6607 6390 244
4656 7352 262
9822 8733 260
9950 792 262
6500 5150 262
8519 494 262
8988 2236 262
3377 8927 262
7308 5097 262
3270 9152 262
578 8844 262
9591 4759 262
1463 3865 238
8236 5853 262
4869 6351 262
9950 9362 242
3935 4171 189
6092 838 238
6988 9369 260
6858 4308 262
6685 9460 260
9040 9686 260
162 9098 262
5518 2923 238
1018 1519 182
2975 6463 262
5163 8862 262
9841 3678 262
5546 5805 236
5912 1929 238
9432 5794 262
6967 6922 257
8471 4000 262
7275 9064 252
1422 7712 262
6144 148 238
8888 3076 262
7945 8785 252
7360 1323 262
9017 3441 262
1332 4460 238
4946 462 238
3839 6246 262
5987 9664 262
312 1362 182
2444 8099 262
4984 4130 215
1806 8246 262
7679 5908 262
5700 2493 238
2998 5585 238
2924 1178 217
8520 3447 262
7494 5738 262
8180 4558 262
4391 3576 238
934 8957 262
7013 3203 262
4928 8011 262
4104 2141 238
4397 4451 184
7010 9970 260
9139 9462 260
2585 4727 238
3856 208 238
317 8144 262
8680 231 262
2542 5294 238
5668 2647 238
4580 4251 215
114 6946 262
2469 3056 217
7283 1461 262
6853 5400 262
6695 1964 262
6487 2512 262
3782 4692 215
4141 4388 215
6418 5940 262
2226 6053 238
2739 125 209
2012 4905 238
9057 3883 262
1836 7541 262
9070 166 262
3408 1014 217
8901 2638 262
8430 8750 203
4740 8073 262
7279 3743 262
8351 4234 262
7115 6448 257
2512 6007 238
8137 337 262
8393 2535 262
7856 6360 257
3414 3520 181
4814 4806 122
2216 5064 238
9954 7918 260
4848 1246 238
4173 2482 238
7232 7443 239
2409 3712 238
8277 3316 262
1058 1043 169
8777 539 262
9782 7947 260
3468 2966 199
8833 5312 262
2289 7919 262
4922 2648 238
5952 7615 262
3244 585 217
8650 4378 262
9069 3928 262
7010 1035 262
1143 1760 182
3699 5717 238
3382 2936 199
9357 3669 262
6611 5913 262
3062 8243 262
5558 3369 238
8297 2714 262
3268 3183 168
2858 2748 173
4768 4569 197
4487 4673 184
6364 2750 262
1080 2644 209
8586 9584 260
963 1593 182
5968 1898 238
947 5620 238
3493 5962 238
506 7281 262
9284 8160 260
8801 3791 262
9852 3266 262
2613 8370 262
9748 5289 262
8608 1178 262
5678 6116 218
3566 3115 199
5361 7216 262
5775 8933 262
7998 5132 262
5378 2130 238
9549 6285 260
2851 2418 209
6963 949 262
7878 4623 262
4812 912 238
1445 1017 182
9810 3068 262
2389 935 183
5055 1811 238
1754 2668 209
5474 2147 238
7452 6831 257
1249 3186 217
1935 8400 262
206 8308 262
439 8917 262
9549 9071 260
6805 9528 260
7807 8786 252
95 8686 262
1234 5943 238
4852 2415 238
5731 2474 238
4068 2737 238
1311 7744 262
745 4568 238
8738 5711 262
1410 1176 177
3322 9189 262
5660 1144 238
3556 2988 199
5163 2215 238
6942 8486 257
2890 6272 262
347 5359 238
434 6067 238
78 4961 238
1592 8806 262
1741 7668 262
3891 999 238
4725 1103 238
8140 9640 260
6391 9797 260
1289 6330 262
723 7317 262
6585 906 262
9749 7050 260
5269 2761 238
5170 8422 262
9786 831 262
3495 5183 238
8251 1320 262
7750 5064 262
2377 7934 262
7145 9668 260
5314 3312 238
1969 5910 238
8734 1087 262
5880 7458 262
3260 180 217
9713 7585 260
6954 1805 262
8487 1248 262
3479 2742 217
8302 9224 247
5506 6112 236
7320 9781 260
4879 6352 262
4287 3481 238
3811 293 238
8732 8212 234
4168 9194 262
6476 9859 260
7599 2151 262
5642 5221 236
8189 1722 262
6378 364 262
8231 8754 234
6210 6326 200
9029 9451 260
1227 878 182
5533 2531 238
3027 8968 262
8776 7848 252
1648 2279 183
9237 2123 262
8057 9065 247
2577 1034 209
7843 7991 252
5993 7501 262
8422 5971 262
7516 7018 239
1670 2920 217
6131 5216 236
4658 8655 262
4710 6620 262
9446 5281 262
6435 6593 244
68 9222 262
5077 9411 262
5109 2077 238
9888 7510 260
608 7448 262
2332 4364 238
2733 8642 262
8643 4080 262
2924 2792 217
3184 2147 217
6017 1737 238
5766 9240 262
2399 7747 262
5276 7385 262
3338 8677 262
8253 7156 252
5473 4484 210
6443 1313 262
2899 8806 262
1271 756 182
4105 9746 262
4278 3960 202
9634 6190 260
7645 5660 262
3456 9929 262
677 1226 182
4094 5753 236
3856 7274 262
9687 730 262
9265 65 262
67 8052 262
2084 6908 262
9751 5680 262
4279 5246 215
6892 3364 262
865 6825 262
1664 8743 262
6958 9349 260
3414 8199 262
9606 968 262
5913 387 238
9134 556 262
3722 3866 176
916 4727 238
185 711 171
3886 2864 238
9619 3879 262
7988 637 262
1884 3297 217
6928 6106 262
6484 5950 262
3534 6003 238
6722 5587 262
8103 8668 234
9447 2029 262
5452 1374 238
3095 2755 217
4316 3485 238
5780 5116 236
4784 5233 210
9254 8840 247
5583 1773 238
8256 3902 262
8941 5683 262
4103 7838 262
2807 7302 262
6779 9227 257
4229 9361 262
8612 7888 252
8504 7307 252
7753 8590 252
4604 6943 262
2402 185 183
7705 7414 239
7006 2725 262
6871 1935 262
443 5959 238
8911 3376 262
6905 6169 262
5451 2682 238
663 2501 209
6898 1181 262
9337 8116 260
1011 4302 238
5683 8809 262
5929 2826 238
4216 3320 238
625 6842 262
3035 9563 262
1061 4842 238
1880 638 182
8898 5981 262
2623 7625 262
2799 7109 262
9113 6248 257
1502 1632 167
4238 4270 202
1526 6931 262
9962 2769 262
6116 1848 238
696 5992 238
2413 6489 262
8201 4142 262
2134 9838 262
6965 6637 257
3175 5289 238
3089 648 217
7844 2030 262
929 1839 182
7005 4345 262
4749 2901 238
826 7071 262
9783 6718 260
7483 4740 262
9994 452 262
6741 121 262
7310 5892 262
2541 484 209
5286 2399 238
5537 6012 236
3204 6325 262
2712 5971 238
270 6090 238
6322 5003 262
4417 918 238
4041 7353 262
5250 9836 262
5886 1126 238
3237 6993 262
6640 957 262
2543 5993 238
4778 2797 238
1729 6103 238
1096 9853 262
5803 6173 262
7357 9483 260
9121 6262 257
7488 8605 252
4571 1428 238
9864 589 262
9072 4333 262
8417 6327 257
4841 7237 262
4636 1896 238
6998 7078 195
3126 7854 262
7051 4959 262
2761 8369 262
8662 1030 262
1996 4873 238
5532 1506 238
321 9451 262
7983 8509 234
9347 5702 262
9809 794 262
501 820 171
3677 7905 262
9054 3034 262
2990 9318 262
2206 7280 262
3859 1921 238
26 1631 182
2388 1391 183
3564 6205 262
4612 113 238
9337 7156 260
4544 3826 215
9917 5292 262
6177 5375 262
3739 6572 262
5112 8302 262
9517 339 262
3223 955 217
5965 5527 236
2340 538 183
9086 607 262
3765 4056 189
5761 9786 262
4466 2233 238
1921 8346 262
177 9019 262
7102 8420 252
7574 1645 262
7798 6473 257
4423 9128 262
2262 8717 262
559 3962 238
4085 392 238
8422 420 262
5314 2151 238
7832 9889 260
2472 8394 262
4598 7979 262
1715 5525 238
2048 1506 180
9286 3427 262
6923 5869 262
5676 1192 238
6339 6122 262
8599 7451 252
471 6242 262
9332 8024 260
621 8209 262
3181 769 217
683 2385 183
243 8121 262
3298 5170 238
3519 2830 217
3026 8292 262
2237 2905 209
884 5726 238
4107 1312 238
3096 4391 238
8837 8060 234
8928 368 262
1417 2975 217
1989 8018 262
5137 2222 238
342 9013 262
3317 29 217
4019 9509 262
9429 5080 262
1035 2457 183
5166 5013 179
7858 1059 262
9680 8492 260
9829 7945 260
9790 1476 262
3577 9973 262
7151 5821 262
5158 9700 262
7573 1050 262
9562 7040 260
3275 2141 217
1331 1777 180
1241 2895 209
7974 2628 262
7236 7254 120
2985 7564 262
7576 5672 262
9995 8743 260
2165 7301 262
7547 6630 257
567 2335 183
7219 9018 252
1816 315 182
364 6336 262
4706 6483 262
4123 5766 236
4331 5159 215
6506 3015 262
5008 757 238
9963 7507 260
9518 5695 262
2062 4665 238
7576 1316 262
5362 4003 215
2233 2097 183
1888 1095 182
136 982 179
6861 5907 262
414 3305 217
6513 6219 200
240 8854 262
6206 1424 262
6141 5551 236
4385 304 238
5230 9824 262
3391 5420 238
1574 2991 217
6112 4191 236
2751 9487 262
3283 1961 217
3795 1256 238
7569 6946 239
3626 740 217
6286 5548 262
1385 5108 238
2865 6749 262
3585 4952 238
5524 890 238
5086 1681 238
5691 7780 262
6292 9049 257
4679 5508 210
7831 848 262
6990 7598 239
9756 8555 260
4984 9650 262
8794 3009 262
129 9836 262
3801 2752 238
752 6254 262
2404 5893 238
8486 4272 262
4020 8528 262
5966 9383 262
9318 953 262
5961 8651 262
5849 1065 238
3055 9047 262
6869 5255 262
5399 3947 215
9116 173 262
6927 3964 262
2006 9770 262
2654 4662 238
2759 4723 238
8644 2994 262
261 9559 262
4211 7707 262
5474 4862 210
6837 2975 262
4994 4373 215
4503 5067 210
8872 1521 262
4173 6347 262
7890 3976 262
696 5952 238
618 8346 262
3461 1051 217
2040 3749 238
6963 9528 260
8803 7783 252
7181 3906 262
6402 4395 262
2958 8136 262
8230 3733 262
2256 8464 262
4983 1728 238
9126 389 262
7506 2521 262
2262 5705 238
7988 5112 262
7495 2459 262
1624 4565 238
6868 6976 257
22 6218 262
204 4296 238
6796 6127 262
4366 4362 140
6016 6703 262
7309 4860 262
8255 5856 262
9454 1079 262
9644 8261 260
4063 2226 238
5364 9639 262
75 1685 182
9664 6033 262
6150 862 238
1739 3075 217
6142 1317 238
9760 7351 260
3403 7084 262
8294 6775 257
8159 6351 257
6047 7867 262
4681 2944 238
1504 4259 238
9384 7461 260
3658 4614 238
8119 9350 260
3797 3308 238
225 1439 182
7172 1216 262
7315 4824 262
1003 2117 182
